2024-06-19 23:47:03 DEBUG StartBot:24 - Bot is running
2024-06-19 23:47:36 DEBUG StartBot:24 - Bot is running
2024-06-19 23:47:41 DEBUG TelegramBot:23 - Message(messageId=4, messageThreadId=null, from=User(id=6249885470, firstName=YYYY, isBot=false, lastName=null, userName=ctctctctcte, languageCode=ru, canJoinGroups=null, canReadAllGroupMessages=null, supportInlineQueries=null, isPremium=null, addedToAttachmentMenu=null, canConnectToBusiness=null), date=1718830060, chat=Chat(id=6249885470, type=private, title=null, firstName=YYYY, lastName=null, userName=ctctctctcte, isForum=null), forwardFrom=null, forwardFromChat=null, forwardDate=null, text=/start, entities=[MessageEntity(type=bot_command, offset=0, length=6, url=null, user=null, language=null, customEmojiId=null, text=/start)], captionEntities=null, audio=null, document=null, photo=null, sticker=null, video=null, contact=null, location=null, venue=null, animation=null, pinnedMessage=null, newChatMembers=[], leftChatMember=null, newChatTitle=null, newChatPhoto=null, deleteChatPhoto=null, groupchatCreated=null, replyToMessage=null, voice=null, caption=null, superGroupCreated=null, channelChatCreated=null, migrateToChatId=null, migrateFromChatId=null, editDate=null, game=null, forwardFromMessageId=null, invoice=null, successfulPayment=null, videoNote=null, authorSignature=null, forwardSignature=null, mediaGroupId=null, connectedWebsite=null, passportData=null, forwardSenderName=null, poll=null, replyMarkup=null, dice=null, viaBot=null, senderChat=null, proximityAlertTriggered=null, messageAutoDeleteTimerChanged=null, isAutomaticForward=null, hasProtectedContent=null, webAppData=null, videoChatStarted=null, videoChatEnded=null, videoChatParticipantsInvited=null, videoChatScheduled=null, isTopicMessage=null, forumTopicCreated=null, forumTopicClosed=null, forumTopicReopened=null, forumTopicEdited=null, generalForumTopicHidden=null, generalForumTopicUnhidden=null, writeAccessAllowed=null, hasMediaSpoiler=null, userShared=null, chatShared=null, story=null, externalReplyInfo=null, forwardOrigin=null, linkPreviewOptions=null, quote=null, usersShared=null, giveawayCreated=null, giveaway=null, giveawayWinners=null, giveawayCompleted=null, replyToStory=null, boostAdded=null, senderBoostCount=null, businessConnectionId=null, senderBusinessBot=null, isFromOffline=null, chatBackgroundSet=null, effectId=null, showCaptionAboveMedia=null)
2024-06-19 23:49:27 DEBUG StartBot:24 - Bot is running
2024-06-19 23:49:58 DEBUG StartBot:24 - Bot is running
2024-06-19 23:50:21 DEBUG StartBot:24 - Bot is running
2024-06-19 23:50:31 DEBUG TelegramBot:23 - Message(messageId=5, messageThreadId=null, from=User(id=6249885470, firstName=YYYY, isBot=false, lastName=null, userName=ctctctctcte, languageCode=ru, canJoinGroups=null, canReadAllGroupMessages=null, supportInlineQueries=null, isPremium=null, addedToAttachmentMenu=null, canConnectToBusiness=null), date=1718830231, chat=Chat(id=6249885470, type=private, title=null, firstName=YYYY, lastName=null, userName=ctctctctcte, isForum=null), forwardFrom=null, forwardFromChat=null, forwardDate=null, text=/start, entities=[MessageEntity(type=bot_command, offset=0, length=6, url=null, user=null, language=null, customEmojiId=null, text=/start)], captionEntities=null, audio=null, document=null, photo=null, sticker=null, video=null, contact=null, location=null, venue=null, animation=null, pinnedMessage=null, newChatMembers=[], leftChatMember=null, newChatTitle=null, newChatPhoto=null, deleteChatPhoto=null, groupchatCreated=null, replyToMessage=null, voice=null, caption=null, superGroupCreated=null, channelChatCreated=null, migrateToChatId=null, migrateFromChatId=null, editDate=null, game=null, forwardFromMessageId=null, invoice=null, successfulPayment=null, videoNote=null, authorSignature=null, forwardSignature=null, mediaGroupId=null, connectedWebsite=null, passportData=null, forwardSenderName=null, poll=null, replyMarkup=null, dice=null, viaBot=null, senderChat=null, proximityAlertTriggered=null, messageAutoDeleteTimerChanged=null, isAutomaticForward=null, hasProtectedContent=null, webAppData=null, videoChatStarted=null, videoChatEnded=null, videoChatParticipantsInvited=null, videoChatScheduled=null, isTopicMessage=null, forumTopicCreated=null, forumTopicClosed=null, forumTopicReopened=null, forumTopicEdited=null, generalForumTopicHidden=null, generalForumTopicUnhidden=null, writeAccessAllowed=null, hasMediaSpoiler=null, userShared=null, chatShared=null, story=null, externalReplyInfo=null, forwardOrigin=null, linkPreviewOptions=null, quote=null, usersShared=null, giveawayCreated=null, giveaway=null, giveawayWinners=null, giveawayCompleted=null, replyToStory=null, boostAdded=null, senderBoostCount=null, businessConnectionId=null, senderBusinessBot=null, isFromOffline=null, chatBackgroundSet=null, effectId=null, showCaptionAboveMedia=null)
2024-06-20 00:08:27 DEBUG StartBot:24 - Bot is running
2024-06-20 00:08:33 DEBUG TelegramBot:23 - Message(messageId=6, messageThreadId=null, from=User(id=6249885470, firstName=YYYY, isBot=false, lastName=null, userName=ctctctctcte, languageCode=ru, canJoinGroups=null, canReadAllGroupMessages=null, supportInlineQueries=null, isPremium=null, addedToAttachmentMenu=null, canConnectToBusiness=null), date=1718831313, chat=Chat(id=6249885470, type=private, title=null, firstName=YYYY, lastName=null, userName=ctctctctcte, isForum=null), forwardFrom=null, forwardFromChat=null, forwardDate=null, text=Ghbdtn, entities=null, captionEntities=null, audio=null, document=null, photo=null, sticker=null, video=null, contact=null, location=null, venue=null, animation=null, pinnedMessage=null, newChatMembers=[], leftChatMember=null, newChatTitle=null, newChatPhoto=null, deleteChatPhoto=null, groupchatCreated=null, replyToMessage=null, voice=null, caption=null, superGroupCreated=null, channelChatCreated=null, migrateToChatId=null, migrateFromChatId=null, editDate=null, game=null, forwardFromMessageId=null, invoice=null, successfulPayment=null, videoNote=null, authorSignature=null, forwardSignature=null, mediaGroupId=null, connectedWebsite=null, passportData=null, forwardSenderName=null, poll=null, replyMarkup=null, dice=null, viaBot=null, senderChat=null, proximityAlertTriggered=null, messageAutoDeleteTimerChanged=null, isAutomaticForward=null, hasProtectedContent=null, webAppData=null, videoChatStarted=null, videoChatEnded=null, videoChatParticipantsInvited=null, videoChatScheduled=null, isTopicMessage=null, forumTopicCreated=null, forumTopicClosed=null, forumTopicReopened=null, forumTopicEdited=null, generalForumTopicHidden=null, generalForumTopicUnhidden=null, writeAccessAllowed=null, hasMediaSpoiler=null, userShared=null, chatShared=null, story=null, externalReplyInfo=null, forwardOrigin=null, linkPreviewOptions=null, quote=null, usersShared=null, giveawayCreated=null, giveaway=null, giveawayWinners=null, giveawayCompleted=null, replyToStory=null, boostAdded=null, senderBoostCount=null, businessConnectionId=null, senderBusinessBot=null, isFromOffline=null, chatBackgroundSet=null, effectId=null, showCaptionAboveMedia=null)
2024-06-20 00:14:37 DEBUG StartBot:24 - Bot is running
2024-06-20 00:20:04 DEBUG StartBot:24 - Bot is running
2024-06-20 00:20:59 DEBUG StartBot:24 - Bot is running
2024-06-20 00:23:59 DEBUG StartBot:24 - Bot is running
2024-06-20 00:24:51 DEBUG StartBot:24 - Bot is running
2024-06-20 00:26:03 DEBUG StartBot:24 - Bot is running
2024-06-20 00:26:42 DEBUG TelegramBot:32 - org.telegram.telegrambots.client.okhttp.OkHttpTelegramClient@704d2f58
2024-06-20 00:26:42 DEBUG StartBot:24 - Bot is running
2024-06-20 00:26:57 DEBUG TelegramBot:32 - org.telegram.telegrambots.client.okhttp.OkHttpTelegramClient@9957ad4
2024-06-20 00:26:57 DEBUG TelegramBot:33 - 7225339822:AAEOVTjxRVLs69APmhPEEOCXPt8hVyLv7ao
2024-06-20 00:26:57 DEBUG StartBot:24 - Bot is running
2024-06-20 00:28:02 DEBUG StartBot:24 - Bot is running
2024-06-20 00:37:37 DEBUG StartBot:24 - Bot is running
2024-06-20 00:37:44 DEBUG TelegramBot:41 - 
2024-06-20 00:40:31 DEBUG StartBot:24 - Bot is running
2024-06-20 00:40:32 DEBUG TelegramBot:44 - 
2024-06-20 00:41:24 DEBUG StartBot:24 - Bot is running
2024-06-20 00:42:10 DEBUG StartBot:24 - Bot is running
2024-06-20 00:42:45 DEBUG StartBot:24 - Bot is running
2024-06-20 00:43:25 DEBUG StartBot:24 - Bot is running
2024-06-20 00:44:12 DEBUG TelegramBot:45 - 
2024-06-20 00:44:45 DEBUG StartBot:24 - Bot is running
2024-06-20 00:44:57 DEBUG TelegramBot:45 - 
2024-06-20 00:46:15 DEBUG TelegramBot:45 - 
2024-06-20 00:50:30 DEBUG StartBot:24 - Bot is running
2024-06-20 00:50:32 DEBUG TelegramBot:40 - 
2024-06-20 00:53:17 DEBUG StartBot:24 - Bot is running
2024-06-20 00:53:20 DEBUG TelegramBot:41 - 
2024-06-20 00:53:23 DEBUG TelegramBot:41 - 
2024-06-20 00:58:55 DEBUG TelegramBot:44 - Bot is running
2024-06-20 00:59:00 DEBUG TelegramBot:35 - 
2024-06-20 01:04:12 DEBUG TelegramBot:35 - Bot is running
2024-06-20 01:04:14 DEBUG TelegramBot:42 - 
2024-06-20 01:04:48 DEBUG TelegramBot:35 - Bot is running
2024-06-20 01:04:54 DEBUG TelegramBot:42 - 
2024-06-20 01:06:30 DEBUG TelegramBot:35 - Bot is running
2024-06-20 01:06:36 DEBUG TelegramBot:42 - tg.example.controller.UpdateController@5015d59
2024-06-20 01:06:51 DEBUG TelegramBot:35 - Bot is running
2024-06-20 01:06:58 DEBUG TelegramBot:42 - tg.example.controller.UpdateController@72b01d35
2024-06-20 01:07:53 DEBUG TelegramBot:35 - Bot is running
2024-06-20 01:07:56 DEBUG TelegramBot:42 - tg.example.controller.UpdateController@c4ac58f
2024-06-20 01:08:07 DEBUG TelegramBot:42 - tg.example.controller.UpdateController@c4ac58f
2024-06-20 01:08:08 DEBUG TelegramBot:42 - tg.example.controller.UpdateController@c4ac58f
2024-06-22 00:27:46 DEBUG TelegramBot:35 - Bot is running
2024-06-22 00:27:53 DEBUG TelegramBot:42 - tg.example.controller.UpdateController@6b76fa52
2024-06-22 00:45:13 DEBUG TelegramBot:42 - tg.example.controller.UpdateController@6b76fa52
2024-06-22 00:46:59 DEBUG TelegramBot:42 - tg.example.controller.UpdateController@6b76fa52
2024-06-22 00:47:04 DEBUG TelegramBot:42 - tg.example.controller.UpdateController@6b76fa52
2024-06-22 00:47:04 ERROR UpdateController:42 - Received unsupported message type Update(updateId=686631218, message=null, inlineQuery=null, chosenInlineQuery=null, callbackQuery=null, editedMessage=Message(messageId=34, messageThreadId=null, from=User(id=6249885470, firstName=YYYY, isBot=false, lastName=null, userName=ctctctctcte, languageCode=ru, canJoinGroups=null, canReadAllGroupMessages=null, supportInlineQueries=null, isPremium=null, addedToAttachmentMenu=null, canConnectToBusiness=null), date=1719006419, chat=Chat(id=6249885470, type=private, title=null, firstName=YYYY, lastName=null, userName=ctctctctcte, isForum=null), forwardFrom=null, forwardFromChat=null, forwardDate=null, text=/startdsa, entities=[MessageEntity(type=bot_command, offset=0, length=9, url=null, user=null, language=null, customEmojiId=null, text=/startdsa)], captionEntities=null, audio=null, document=null, photo=null, sticker=null, video=null, contact=null, location=null, venue=null, animation=null, pinnedMessage=null, newChatMembers=[], leftChatMember=null, newChatTitle=null, newChatPhoto=null, deleteChatPhoto=null, groupchatCreated=null, replyToMessage=null, voice=null, caption=null, superGroupCreated=null, channelChatCreated=null, migrateToChatId=null, migrateFromChatId=null, editDate=1719006424, game=null, forwardFromMessageId=null, invoice=null, successfulPayment=null, videoNote=null, authorSignature=null, forwardSignature=null, mediaGroupId=null, connectedWebsite=null, passportData=null, forwardSenderName=null, poll=null, replyMarkup=null, dice=null, viaBot=null, senderChat=null, proximityAlertTriggered=null, messageAutoDeleteTimerChanged=null, isAutomaticForward=null, hasProtectedContent=null, webAppData=null, videoChatStarted=null, videoChatEnded=null, videoChatParticipantsInvited=null, videoChatScheduled=null, isTopicMessage=null, forumTopicCreated=null, forumTopicClosed=null, forumTopicReopened=null, forumTopicEdited=null, generalForumTopicHidden=null, generalForumTopicUnhidden=null, writeAccessAllowed=null, hasMediaSpoiler=null, userShared=null, chatShared=null, story=null, externalReplyInfo=null, forwardOrigin=null, linkPreviewOptions=null, quote=null, usersShared=null, giveawayCreated=null, giveaway=null, giveawayWinners=null, giveawayCompleted=null, replyToStory=null, boostAdded=null, senderBoostCount=null, businessConnectionId=null, senderBusinessBot=null, isFromOffline=null, chatBackgroundSet=null, effectId=null, showCaptionAboveMedia=null), channelPost=null, editedChannelPost=null, shippingQuery=null, preCheckoutQuery=null, poll=null, pollAnswer=null, myChatMember=null, chatMember=null, chatJoinRequest=null, messageReaction=null, messageReactionCount=null, chatBoost=null, removedChatBoost=null, businessConnection=null, businessMessage=null, editedBuinessMessage=null, deletedBusinessMessages=null)
2024-06-22 01:15:24 DEBUG TelegramBot:35 - Bot is running
2024-06-22 01:15:33 DEBUG TelegramBot:42 - tg.example.controller.UpdateController@5be6d3b9
2024-06-22 01:17:56 DEBUG TelegramBot:35 - Bot is running
2024-06-22 01:18:02 DEBUG TelegramBot:42 - tg.example.controller.UpdateController@20e22c7c
2024-06-22 01:18:02 DEBUG UpdateProducerImpl:22 - fdfd
2024-06-22 01:29:48 DEBUG TelegramBot:35 - Bot is running
2024-06-22 01:59:48 DEBUG TelegramBot:35 - Bot is running
2024-06-22 02:00:07 DEBUG TelegramBot:35 - Bot is running
2024-06-22 02:00:39 DEBUG TelegramBot:42 - tg.example.controller.UpdateController@57fccc4e
2024-06-22 02:00:39 DEBUG UpdateProducerImpl:22 - fd
2024-06-22 02:04:13 DEBUG TelegramBot:35 - Bot is running
2024-06-22 02:04:30 DEBUG TelegramBot:42 - tg.example.controller.UpdateController@5be6d3b9
2024-06-22 02:04:30 DEBUG UpdateProducerImpl:22 - fds
2024-06-22 02:07:34 DEBUG TelegramBot:42 - tg.example.controller.UpdateController@5be6d3b9
2024-06-22 02:07:34 DEBUG UpdateProducerImpl:22 - Если в этой части кода я отправляю сообщения в брокер, и указываю название только одной очереди: @Override
    public void produce(String rabbitQueue, Update update) {
        log.debug(update.getMessage().getText());
        rabbitTemplate.convertAndSend(rabbitQueue, update);
    }
} То как из моего файла конфигурации, при отправке этого сообщения создаются остальные 3 очереди:  @Configuration
public class RabbitConfiguration {
    @Bean
    public MessageConverter jsonMessageConverter(){
        return new Jackson2JsonMessageConverter();
    }

    @Bean
    public Queue textMessageQueue(){
        System.out.println("bean created");
        return new Queue(TEXT_MESSAGE_UPDATE);
    }

    @Bean
    public Queue docMessageQueue(){
        System.out.println("bean created");
        return new Queue(DOC_MESSAGE_UPDATE);
    }

    @Bean
    public Queue photoMessageQueue(){
        System.out.println("bean created");
        return new Queue(PHOTO_MESSAGE_UPDATE);
    }

    @Bean
    public Queue answerMessageQueue(){
        System.out.println("bean created");
        return new Queue(ANSWER_MESSAGE);
    }




} Я не понимаю на каком именно этапе создаются, остальные очереди. Объясни пожалуйста как можно подробнее
